$ ./gen-v2 -test-count 10 -yes-percent 30 -no-shuffle-cases -sum-n 100 -min-n 8 -min-a 1 -max-a 100 -min-b 1 -max-b 100 -padding-bias -30 > test.txt
$ cat test.txt
10
11
101 88 91 94 92 98 98 117 93 83 95
8
100 106 102 76 80 76 104 88
10
123 115 85 86 88 90 82 91 103 99
14
188 105 103 122 90 84 76 111 184 50 68 113 64 110
8
102 127 118 94 79 101 88 98
10
8 65 183 66 97 175 135 106 33 114
9
54 140 131 103 66 44 39 49 60
9
136 146 134 31 138 152 88 98 100
10
102 62 27 154 128 47 88 92 28 79
11
164 63 12 151 140 63 27 135 97 130 66
$ ./solution < test.txt
YES
YES
YES
NO
YES
NO
NO
NO
NO
NO
